<?xml version="1.0" encoding="UTF-8" standalone="no"?>
<!DOCTYPE log SYSTEM "logger.dtd">
<log>
<record>
  <date>2024-04-19T14:10:40.933130100Z</date>
  <millis>1713535840933</millis>
  <nanos>130100</nanos>
  <sequence>0</sequence>
  <logger>MyLog</logger>
  <level>INFO</level>
  <class>principal.Principal</class>
  <method>validaUsuario</method>
  <thread>1</thread>
  <message>Usuario logeado: xsxssxsx</message>
</record>
<record>
  <date>2024-04-19T14:10:45.177520200Z</date>
  <millis>1713535845177</millis>
  <nanos>520200</nanos>
  <sequence>1</sequence>
  <logger>MyLog</logger>
  <level>INFO</level>
  <class>principal.Principal</class>
  <method>obtenerNombreFichero</method>
  <thread>1</thread>
  <message>Intento lectura del fichero: hola.txt</message>
</record>
</log>
<?xml version="1.0" encoding="windows-1252" standalone="no"?>
<!DOCTYPE log SYSTEM "logger.dtd">
<log>
<record>
  <date>2024-04-20T19:38:32</date>
  <millis>1713634712769</millis>
  <sequence>0</sequence>
  <logger>MyLog</logger>
  <level>INFO</level>
  <class>principal.Principal</class>
  <method>validaUsuario</method>
  <thread>1</thread>
  <message>Usuario logeado: zaxscdxs</message>
</record>
<record>
  <date>2024-04-20T19:38:39</date>
  <millis>1713634719439</millis>
  <sequence>1</sequence>
  <logger>MyLog</logger>
  <level>INFO</level>
  <class>principal.Principal</class>
  <method>obtenerNombreFichero</method>
  <thread>1</thread>
  <message>Intento lectura del fichero: hola.txt</message>
</record>
<record>
  <date>2024-04-20T19:38:39</date>
  <millis>1713634719444</millis>
  <sequence>2</sequence>
  <logger>MyLog</logger>
  <level>INFO</level>
  <class>principal.Principal</class>
  <method>visualizarFichero</method>
  <thread>1</thread>
  <message>Fichero leido: hola.txt</message>
</record>
</log>
